2024-11-08 01:48:19 - Starting DemoApplication using Java 17.0.12 with PID 15524 (C:\Users\kllk1\workspace\namu\out\production\classes started by kllk1 in C:\Users\kllk1\workspace\namu)
2024-11-08 01:48:19 - The following 1 profile is active: "dev"
2024-11-08 01:48:20 - Post-processing PropertySource instances
2024-11-08 01:48:20 - Skipping PropertySource configurationProperties [class org.springframework.boot.context.properties.source.ConfigurationPropertySourcesPropertySource
2024-11-08 01:48:20 - Skipping PropertySource servletConfigInitParams [class org.springframework.core.env.PropertySource$StubPropertySource
2024-11-08 01:48:20 - Skipping PropertySource servletContextInitParams [class org.springframework.core.env.PropertySource$StubPropertySource
2024-11-08 01:48:20 - Converting PropertySource systemProperties [org.springframework.core.env.PropertiesPropertySource] to EncryptableMapPropertySourceWrapper
2024-11-08 01:48:20 - Converting PropertySource systemEnvironment [org.springframework.boot.env.SystemEnvironmentPropertySourceEnvironmentPostProcessor$OriginAwareSystemEnvironmentPropertySource] to EncryptableSystemEnvironmentPropertySourceWrapper
2024-11-08 01:48:20 - Converting PropertySource random [org.springframework.boot.env.RandomValuePropertySource] to EncryptablePropertySourceWrapper
2024-11-08 01:48:20 - Converting PropertySource Config resource 'class path resource [application-dev.properties]' via location 'optional:classpath:/' [org.springframework.boot.env.OriginTrackedMapPropertySource] to EncryptableMapPropertySourceWrapper
2024-11-08 01:48:21 - Tomcat initialized with port 8080 (http)
2024-11-08 01:48:21 - Initializing ProtocolHandler ["http-nio-8080"]
2024-11-08 01:48:21 - Starting service [Tomcat]
2024-11-08 01:48:21 - Starting Servlet engine: [Apache Tomcat/10.1.31]
2024-11-08 01:48:21 - Initializing Spring embedded WebApplicationContext
2024-11-08 01:48:21 - Root WebApplicationContext: initialization completed in 2115 ms
2024-11-08 01:48:21 - Property Filter custom Bean not found with name 'encryptablePropertyFilter'. Initializing Default Property Filter
2024-11-08 01:48:21 - Property Resolver custom Bean not found with name 'encryptablePropertyResolver'. Initializing Default Property Resolver
2024-11-08 01:48:21 - Property Detector custom Bean not found with name 'encryptablePropertyDetector'. Initializing Default Property Detector
2024-11-08 01:48:21 - Found Custom Encryptor Bean org.jasypt.encryption.pbe.PooledPBEStringEncryptor@67507df with name: jasyptStringEncryptor
2024-11-08 01:48:22 - Adding welcome page: class path resource [static/index.html]
2024-11-08 01:48:22 - Starting ProtocolHandler ["http-nio-8080"]
2024-11-08 01:48:22 - Tomcat started on port 8080 (http) with context path '/'
2024-11-08 01:48:22 - Refreshing cached encryptable property sources on ServletWebServerInitializedEvent
2024-11-08 01:48:22 - Property Source systemProperties refreshed
2024-11-08 01:48:22 - Property Source systemEnvironment refreshed
2024-11-08 01:48:22 - Property Source random refreshed
2024-11-08 01:48:22 - Property Source Config resource 'class path resource [application-dev.properties]' via location 'optional:classpath:/' refreshed
2024-11-08 01:48:22 - Converting PropertySource server.ports [org.springframework.core.env.MapPropertySource] to EncryptableMapPropertySourceWrapper
2024-11-08 01:48:22 - Skipping PropertySource configurationProperties [class org.springframework.boot.context.properties.source.ConfigurationPropertySourcesPropertySource
2024-11-08 01:48:22 - Skipping PropertySource servletConfigInitParams [class org.springframework.core.env.PropertySource$StubPropertySource
2024-11-08 01:48:22 - Converting PropertySource servletContextInitParams [org.springframework.web.context.support.ServletContextPropertySource] to EncryptableEnumerablePropertySourceWrapper
2024-11-08 01:48:22 - Started DemoApplication in 4.361 seconds (process running for 5.006)
2024-11-08 01:48:27 - Initializing Spring DispatcherServlet 'dispatcherServlet'
2024-11-08 01:48:27 - Initializing Servlet 'dispatcherServlet'
2024-11-08 01:48:27 - Completed initialization in 1 ms
2024-11-08 01:48:27 - HikariCP - Starting...
2024-11-08 01:48:27 - HikariCP - Added connection org.postgresql.jdbc.PgConnection@fc05b56
2024-11-08 01:48:27 - HikariCP - Start completed.
